<?xml version="1.0" encoding="UTF-8"?>
<!-- Generated by org.testng.reporters.JUnitReportReporter -->
<testsuite skipped="0" hostname="DESKTOP-A1LG2NG" name="zerodha.Zerodha.TEst" tests="1" failures="0" timestamp="2020-09-30T11:03:40 IST" time="16.759" errors="0">
  <testcase name="tc2" time="16.759" classname="zerodha.Zerodha.TEst"/>
  <system-out/>
</testsuite> <!-- zerodha.Zerodha.TEst -->
